<?xml version="1.0" encoding="UTF-8"?>
<!-- Generated by org.testng.reporters.JUnitReportReporter -->
<testsuite hostname="DESKTOP-K234SKN" failures="0" tests="1" name="Test5.facebook1" time="11.160" errors="0" timestamp="30 Jun 2023 06:38:40 GMT" skipped="0">
  <testcase classname="Test5.facebook1" name="test5" time="11.160"/>
</testsuite> <!-- Test5.facebook1 -->
